--------------------------------------------------
[Time]: 2025-12-28 15:29:56
[To]: anupkmr66@gmail.com
[Subject]: Welcome to SkillUp - Institute Registration
[Status]: Failed
Message Body:

                    Welcome to SkillUp CIMS
                    Dear Er Kumar Anup,
                    Your Institute Skill-Up Center has been successfully registered.
                    Institute Code: INS20250001
                    
                    Login Credentials:
                    URL: http://localhost/skillup/public/login
                    Username: anupkmr66@gmail.com
                    Password: Admin@123
                    
                    Please login and change your password immediately.
                
--------------------------------------------------

--------------------------------------------------
[Time]: 2025-12-28 15:45:02
[To]: pankajmj79@gmail.com
[Subject]: Welcome to SkillUp - Institute Registration
[Status]: Failed
Message Body:

                    Welcome to SkillUp CIMS
                    Dear Pankaj Bediya,
                    Your Institute Skill-Up Center Gagari has been successfully registered.
                    Institute Code: INS20250002
                    
                    Login Credentials:
                    URL: http://localhost/skillup/public/login
                    Username: pankajmj79@gmail.com
                    Password: Admin@123
                    
                    Please login and change your password immediately.
                
--------------------------------------------------

--------------------------------------------------
[Time]: 2025-12-28 15:52:25
[To]: testdemomailrnc@gmail.com
[Subject]: Welcome to SkillUp - Institute Registration
[Status]: Failed
Message Body:

                    Welcome to SkillUp CIMS
                    Dear Millenaiors Test,
                    Your Institute Skill-Up Center has been successfully registered.
                    Institute Code: INS20250003
                    
                    Login Credentials:
                    URL: http://localhost/skillup/public/login
                    Username: testdemomailrnc@gmail.com
                    Password: Admin@123
                    
                    Please login and change your password immediately.
                
--------------------------------------------------

